Running: JUnit: Should Pass                      Running: JUnit: Should Fail                      Running: JUnit: Should Expect Fail               Running: JUnit: Should Skip                      Running: JUnit: Should Throw                     <?xml version="1.0" encoding="UTF-8"?>
<testsuites>
  <testsuite name="hooks_set" timestamp="2025¾¸" hostname="" tests="5" failures="2" skipped="1" time="0.000">
es="%d" skipped="%d" time="0.000">
    <testcase name="JUnit: Should Pass" classname="hooks_set">
    </testcase>
    <testcase name="JUnit: Should Fail" classname="hooks_set">
      <failure message="Expected true, but was false
    - 1 should not equal 0"/>
    </testcase>
    <testcase name="JUnit: Should Expect Fail" classname="hooks_set">
    </testcase>
    <testcase name="JUnit: Should Skip" classname="hooks_set">
      <skipped/>
    </testcase>
    <testcase name="JUnit: Should Throw" classname="hooks_set">
      <failure message="Explicit throw triggered
    - This test is explicitly thrown"/>
    </testcase>
  </testsuite>
</testsuites>

================================================================================
[2]     TESTS=  5        PASS=  2        FAIL=  2        SKIP=  1

===== Memory Allocations Report ================================================
  Total mallocs:               0
  Total frees:                 2
